A51 MACRO ASSEMBLER  TIMER                                                                05/18/2024 22:29:38 PAGE     1


MACRO ASSEMBLER A51 V8.2.7.0
OBJECT MODULE PLACED IN .\Objects\timer.obj
ASSEMBLER INVOKED BY: C:\Program Files\C51\BIN\A51.EXE timer.a51 SET(SMALL) DEBUG PRINT(.\Listings\timer.lst) OBJECT(.\O
                      bjects\timer.obj) EP

LOC  OBJ            LINE     SOURCE

                       1     NAME TIMERE_
                       2     
                       3     PUBLIC _init_timer, _delay_ms
                       4     
                       5     RutinaTimer Segment Code
----                   6     Rseg RutinaTimer
                       7     
0000                   8     _init_timer:
0000 758910            9         MOV TMOD, #10h ; Setare Timer 1 in modul 1 (16-bit)
0003 22               10         RET
                      11     
0004                  12     _delay_ms:
0004 7A0A             13         MOV R2, #10 ; Întârziere de 10 ms (presupunand 1 ms per itera?ie)
0006                  14     DELAY_LOOP:
0006 758DFC           15         MOV TH1, #0FCh ; Incarca TH1 pentru un overflow de 1ms (presupunand un cristal de 12MHz)
0009 758B66           16         MOV TL1, #066h ; Incarca TL1 pentru un overflow de 1ms (presupunand un cristal de 12MHz)
000C D28E             17         SETB TR1 ; Porneste Timer 1
000E                  18     WAIT_OVERFLOW:
000E 308FFD           19         JNB TF1, WAIT_OVERFLOW ; Asteapta overflow
0011 C28E             20         CLR TR1 ; Opreste Timer 1
0013 C28F             21         CLR TF1 ; Reseteaza flag-ul Timer 1
0015 DAEF             22         DJNZ R2, DELAY_LOOP
0017 22               23         RET
                      24     end
A51 MACRO ASSEMBLER  TIMER                                                                05/18/2024 22:29:38 PAGE     2

SYMBOL TABLE LISTING
------ ----- -------


N A M E             T Y P E  V A L U E   ATTRIBUTES

DELAY_LOOP . . . .  C ADDR   0006H   R   SEG=RUTINATIMER
RUTINATIMER. . . .  C SEG    0018H       REL=UNIT
TF1. . . . . . . .  B ADDR   0088H.7 A   
TH1. . . . . . . .  D ADDR   008DH   A   
TIMERE_. . . . . .  N NUMB   -----       
TL1. . . . . . . .  D ADDR   008BH   A   
TMOD . . . . . . .  D ADDR   0089H   A   
TR1. . . . . . . .  B ADDR   0088H.6 A   
WAIT_OVERFLOW. . .  C ADDR   000EH   R   SEG=RUTINATIMER
_DELAY_MS. . . . .  C ADDR   0004H   R   SEG=RUTINATIMER
_INIT_TIMER. . . .  C ADDR   0000H   R   SEG=RUTINATIMER


REGISTER BANK(S) USED: 0 


ASSEMBLY COMPLETE.  0 WARNING(S), 0 ERROR(S)
